2023-04-19 21:14:53,899 - root - INFO - Epoch 0; loss: 171.9302978515625; CER: 5.8778395652771; WER: 1.0; val_loss: 119.72099304199219; val_CER: 0.9491666555404663; val_WER: 1.0
2023-04-19 21:15:02,769 - root - INFO - Epoch 1; loss: 46.86560821533203; CER: 1.002048373222351; WER: 1.0; val_loss: 37.73759460449219; val_CER: 1.0; val_WER: 1.0
2023-04-19 21:15:12,648 - root - INFO - Epoch 2; loss: 20.328880310058594; CER: 1.0; WER: 1.0; val_loss: 18.975685119628906; val_CER: 1.0; val_WER: 1.0
2023-04-19 21:15:22,479 - root - INFO - Epoch 3; loss: 23.82968521118164; CER: 1.0; WER: 1.0; val_loss: 21.11455535888672; val_CER: 1.0; val_WER: 1.0
2023-04-19 21:15:32,381 - root - INFO - Epoch 4; loss: 26.266862869262695; CER: 1.0; WER: 1.0; val_loss: 22.597925186157227; val_CER: 1.0; val_WER: 1.0
2023-04-19 21:15:42,285 - root - INFO - Epoch 5; loss: 25.941768646240234; CER: 1.0; WER: 1.0; val_loss: 22.697425842285156; val_CER: 1.0; val_WER: 1.0
2023-04-19 21:15:52,053 - root - INFO - Epoch 6; loss: 24.33780860900879; CER: 1.0; WER: 1.0; val_loss: 22.212114334106445; val_CER: 1.0; val_WER: 1.0
2023-04-19 21:16:01,923 - root - INFO - Epoch 7; loss: 22.11960220336914; CER: 1.0; WER: 1.0; val_loss: 21.440052032470703; val_CER: 1.0; val_WER: 1.0
2023-04-19 21:16:11,685 - root - INFO - Epoch 8; loss: 20.200321197509766; CER: 1.0; WER: 1.0; val_loss: 20.609495162963867; val_CER: 1.0; val_WER: 1.0
2023-04-19 21:16:21,630 - root - INFO - Epoch 9; loss: 19.14634895324707; CER: 1.0; WER: 1.0; val_loss: 19.621458053588867; val_CER: 1.0; val_WER: 1.0
2023-04-19 21:16:31,456 - root - INFO - Epoch 10; loss: 19.489843368530273; CER: 1.0; WER: 1.0; val_loss: 18.71300506591797; val_CER: 1.0; val_WER: 1.0
2023-04-19 21:16:41,369 - root - INFO - Epoch 11; loss: 19.49848747253418; CER: 1.0; WER: 1.0; val_loss: 18.643115997314453; val_CER: 1.0; val_WER: 1.0
2023-04-19 21:16:51,105 - root - INFO - Epoch 12; loss: 19.182022094726562; CER: 1.0; WER: 1.0; val_loss: 19.27370834350586; val_CER: 1.0; val_WER: 1.0
2023-04-19 21:17:00,919 - root - INFO - Epoch 13; loss: 18.879779815673828; CER: 1.0; WER: 1.0; val_loss: 19.57664680480957; val_CER: 1.0; val_WER: 1.0
2023-04-19 21:17:10,779 - root - INFO - Epoch 14; loss: 18.816160202026367; CER: 1.0; WER: 1.0; val_loss: 19.451496124267578; val_CER: 1.0; val_WER: 1.0
2023-04-19 21:17:20,578 - root - INFO - Epoch 15; loss: 18.78159523010254; CER: 1.0; WER: 1.0; val_loss: 19.207334518432617; val_CER: 1.0; val_WER: 1.0
2023-04-19 21:17:30,446 - root - INFO - Epoch 16; loss: 18.783239364624023; CER: 1.0; WER: 1.0; val_loss: 19.0192813873291; val_CER: 1.0; val_WER: 1.0
2023-04-19 21:17:40,297 - root - INFO - Epoch 17; loss: 18.79323959350586; CER: 1.0; WER: 1.0; val_loss: 18.903928756713867; val_CER: 1.0; val_WER: 1.0
2023-04-19 21:17:50,071 - root - INFO - Epoch 18; loss: 18.78404998779297; CER: 1.0; WER: 1.0; val_loss: 18.846904754638672; val_CER: 1.0; val_WER: 1.0
2023-04-19 21:17:59,942 - root - INFO - Epoch 19; loss: 18.726877212524414; CER: 1.0; WER: 1.0; val_loss: 18.82550621032715; val_CER: 1.0; val_WER: 1.0
2023-04-19 21:18:09,782 - root - INFO - Epoch 20; loss: 18.706510543823242; CER: 1.0; WER: 1.0; val_loss: 18.812236785888672; val_CER: 1.0; val_WER: 1.0
2023-04-19 21:18:19,630 - root - INFO - Epoch 21; loss: 18.742504119873047; CER: 1.0; WER: 1.0; val_loss: 18.7845458984375; val_CER: 1.0; val_WER: 1.0
2023-04-19 21:18:29,474 - root - INFO - Epoch 22; loss: 18.75455665588379; CER: 1.0; WER: 1.0; val_loss: 18.751802444458008; val_CER: 1.0; val_WER: 1.0
2023-04-19 21:18:39,222 - root - INFO - Epoch 23; loss: 18.716772079467773; CER: 1.0; WER: 1.0; val_loss: 18.706836700439453; val_CER: 1.0; val_WER: 1.0
2023-04-19 21:18:49,076 - root - INFO - Epoch 24; loss: 18.72357749938965; CER: 1.0; WER: 1.0; val_loss: 18.658971786499023; val_CER: 1.0; val_WER: 1.0
2023-04-19 21:18:58,809 - root - INFO - Epoch 25; loss: 18.773263931274414; CER: 1.0; WER: 1.0; val_loss: 18.616588592529297; val_CER: 1.0; val_WER: 1.0
2023-04-19 21:19:08,714 - root - INFO - Epoch 26; loss: 18.721330642700195; CER: 1.0; WER: 1.0; val_loss: 18.585796356201172; val_CER: 1.0; val_WER: 1.0
2023-04-19 21:19:18,598 - root - INFO - Epoch 27; loss: 18.72539520263672; CER: 1.0; WER: 1.0; val_loss: 18.562278747558594; val_CER: 1.0; val_WER: 1.0
2023-04-19 21:19:28,426 - root - INFO - Epoch 28; loss: 18.698532104492188; CER: 1.0; WER: 1.0; val_loss: 18.543054580688477; val_CER: 1.0; val_WER: 1.0
2023-04-19 21:19:38,208 - root - INFO - Epoch 29; loss: 18.677993774414062; CER: 1.0; WER: 1.0; val_loss: 18.527067184448242; val_CER: 1.0; val_WER: 1.0
2023-04-19 21:19:48,076 - root - INFO - Epoch 30; loss: 18.6873836517334; CER: 1.0; WER: 1.0; val_loss: 18.524700164794922; val_CER: 1.0; val_WER: 1.0
2023-04-19 21:19:57,969 - root - INFO - Epoch 31; loss: 18.660404205322266; CER: 1.0; WER: 1.0; val_loss: 18.52079963684082; val_CER: 1.0; val_WER: 1.0
2023-04-19 21:20:07,879 - root - INFO - Epoch 32; loss: 18.7386531829834; CER: 1.0; WER: 1.0; val_loss: 18.514450073242188; val_CER: 1.0; val_WER: 1.0
2023-04-19 21:20:17,755 - root - INFO - Epoch 33; loss: 18.74831199645996; CER: 1.0; WER: 1.0; val_loss: 18.50665855407715; val_CER: 1.0; val_WER: 1.0
2023-04-19 21:20:27,621 - root - INFO - Epoch 34; loss: 18.706737518310547; CER: 1.0; WER: 1.0; val_loss: 18.49933433532715; val_CER: 1.0; val_WER: 1.0
2023-04-19 21:20:37,518 - root - INFO - Epoch 35; loss: 18.646703720092773; CER: 1.0; WER: 1.0; val_loss: 18.490812301635742; val_CER: 1.0; val_WER: 1.0
2023-04-19 21:20:47,388 - root - INFO - Epoch 36; loss: 18.738697052001953; CER: 1.0; WER: 1.0; val_loss: 18.488422393798828; val_CER: 1.0; val_WER: 1.0
2023-04-19 21:20:57,212 - root - INFO - Epoch 37; loss: 18.686019897460938; CER: 1.0; WER: 1.0; val_loss: 18.483049392700195; val_CER: 1.0; val_WER: 1.0
2023-04-19 21:21:07,005 - root - INFO - Epoch 38; loss: 18.668291091918945; CER: 1.0; WER: 1.0; val_loss: 18.482006072998047; val_CER: 1.0; val_WER: 1.0
2023-04-19 21:21:16,943 - root - INFO - Epoch 39; loss: 18.650365829467773; CER: 1.0; WER: 1.0; val_loss: 18.479625701904297; val_CER: 1.0; val_WER: 1.0
2023-04-19 21:21:26,745 - root - INFO - Epoch 40; loss: 18.680461883544922; CER: 1.0; WER: 1.0; val_loss: 18.47510528564453; val_CER: 1.0; val_WER: 1.0
2023-04-19 21:21:36,631 - root - INFO - Epoch 41; loss: 18.719745635986328; CER: 1.0; WER: 1.0; val_loss: 18.47235107421875; val_CER: 1.0; val_WER: 1.0
2023-04-19 21:21:46,522 - root - INFO - Epoch 42; loss: 18.662139892578125; CER: 1.0; WER: 1.0; val_loss: 18.466327667236328; val_CER: 1.0; val_WER: 1.0
2023-04-19 21:21:56,383 - root - INFO - Epoch 43; loss: 18.695432662963867; CER: 1.0; WER: 1.0; val_loss: 18.462722778320312; val_CER: 1.0; val_WER: 1.0
2023-04-19 21:22:06,256 - root - INFO - Epoch 44; loss: 18.669456481933594; CER: 1.0; WER: 1.0; val_loss: 18.465028762817383; val_CER: 1.0; val_WER: 1.0
2023-04-19 21:22:16,100 - root - INFO - Epoch 45; loss: 18.619741439819336; CER: 1.0; WER: 1.0; val_loss: 18.465282440185547; val_CER: 1.0; val_WER: 1.0
2023-04-19 21:22:25,860 - root - INFO - Epoch 46; loss: 18.680633544921875; CER: 1.0; WER: 1.0; val_loss: 18.464866638183594; val_CER: 1.0; val_WER: 1.0
2023-04-19 21:22:35,756 - root - INFO - Epoch 47; loss: 18.661605834960938; CER: 1.0; WER: 1.0; val_loss: 18.4652042388916; val_CER: 1.0; val_WER: 1.0
2023-04-19 21:22:45,697 - root - INFO - Epoch 48; loss: 18.70599365234375; CER: 1.0; WER: 1.0; val_loss: 18.465059280395508; val_CER: 1.0; val_WER: 1.0
2023-04-19 21:22:55,505 - root - INFO - Epoch 49; loss: 18.707441329956055; CER: 1.0; WER: 1.0; val_loss: 18.46319007873535; val_CER: 1.0; val_WER: 1.0
2023-04-19 21:23:05,365 - root - INFO - Epoch 50; loss: 18.680553436279297; CER: 1.0; WER: 1.0; val_loss: 18.462373733520508; val_CER: 1.0; val_WER: 1.0
2023-04-19 21:23:06,744 - tf2onnx.tfonnx - INFO - Using tensorflow=2.10.1, onnx=1.12.0, tf2onnx=1.14.0/8f8d49
2023-04-19 21:23:06,744 - tf2onnx.tfonnx - INFO - Using opset <onnx, 15>
2023-04-19 21:23:06,872 - tf2onnx.tf_utils - INFO - Computed 0 values for constant folding
2023-04-19 21:23:06,880 - tf2onnx.tf_utils - INFO - Computed 0 values for constant folding
2023-04-19 21:23:06,882 - tf2onnx.tf_utils - INFO - Computed 0 values for constant folding
2023-04-19 21:23:06,886 - tf2onnx.tf_utils - INFO - Computed 0 values for constant folding
2023-04-19 21:23:06,946 - tf2onnx.tf_utils - INFO - Computed 2 values for constant folding
2023-04-19 21:23:07,051 - tf2onnx.tfonnx - INFO - folding node using tf type=StridedSlice, name=model/bidirectional/forward_lstm/PartitionedCall/strided_slice
2023-04-19 21:23:07,052 - tf2onnx.tfonnx - INFO - folding node using tf type=StridedSlice, name=model/bidirectional/backward_lstm/PartitionedCall/strided_slice
2023-04-19 21:23:07,223 - tf2onnx.optimizer - INFO - Optimizing ONNX model
2023-04-19 21:23:07,677 - tf2onnx.optimizer - INFO - After optimization: BatchNormalization -18 (18->0), Cast -4 (11->7), Concat -4 (10->6), Const -128 (194->66), Expand -3 (4->1), Gather +2 (2->4), Identity -2 (2->0), Shape -1 (4->3), Slice -1 (5->4), Squeeze -3 (5->2), Transpose -83 (87->4), Unsqueeze -14 (17->3)
